[35m[Appium][39m Welcome to Appium v1.22.3
[35m[Appium][39m Non-default server args:
[35m[Appium][39m   port: 51564
[35m[Appium][39m   loglevel: info
[35m[Appium][39m   tmpDir: C:\Users\Aslina\AppData\Local\Temp\\Katalon\Appium\Temp1671790510484
[35m[Appium][39m   chromedriverPort: 51565
[35m[Appium][39m Deprecated server args:
[35m[Appium][39m   [31m--chromedriver-port[39m => --default-capabilities
[35m[Appium][39m Default capabilities, which will be added to each request unless overridden by desired capabilities:
[35m[Appium][39m   chromedriverPort: 51565
[35m[Appium][39m Appium REST http interface listener started on 0.0.0.0:51564
[35m[HTTP][39m [37m-->[39m [37mGET[39m [37m/wd/hub/status[39m
[35m[HTTP][39m [90m{}[39m
[35m[HTTP][39m [37m<-- GET /wd/hub/status [39m[32m200[39m [90m11 ms - 68[39m
[35m[HTTP][39m [90m[39m
[35m[HTTP][39m [37m-->[39m [37mGET[39m [37m/wd/hub/status[39m
[35m[HTTP][39m [90m{}[39m
[35m[HTTP][39m [37m<-- GET /wd/hub/status [39m[32m200[39m [90m5 ms - 68[39m
[35m[HTTP][39m [90m[39m
[35m[HTTP][39m [37m-->[39m [37mPOST[39m [37m/wd/hub/session[39m
[35m[HTTP][39m [90m{"desiredCapabilities":{"app":"D:\\Alterra2\\Folder Baru\\app-release.apk","noReset":true,"deviceName":"samsung SM-A125F (Android 12)","fullReset":false,"platform":"ANDROID","newCommandTimeout":1800,"platformVersion":"12","automationName":"uiautomator2","autoGrantPermissions":true,"platformName":"Android","udid":"RR8R109CA8F","systemPort":51585},"capabilities":{"firstMatch":[{"appium:app":"D:\\Alterra2\\Folder Baru\\app-release.apk","appium:autoGrantPermissions":true,"appium:automationName":"uiautomator2","appium:deviceName":"samsung SM-A125F (Android 12)","appium:fullReset":false,"appium:newCommandTimeout":1800,"appium:noReset":true,"platform":"ANDROID","platformName":"android","appium:platformVersion":"12","appium:systemPort":51585,"appium:udid":"RR8R109CA8F"}]}}[39m
[35m[BaseDriver][39m The following capabilities are not standard capabilities and should have an extension prefix:
[35m[BaseDriver][39m   platform
[35m[BaseDriver][39m   chromedriverPort
[35m[Appium][39m Appium v1.22.3 creating new AndroidUiautomator2Driver (v1.70.1) session
[35m[BaseDriver][39m The following capabilities were provided, but are not recognized by Appium:
[35m[BaseDriver][39m   platform
[35m[BaseDriver][39m Session created with session id: adbbc8ee-a99f-4929-b820-8c40fce7cd8e
[35m[BaseDriver][39m Using local app 'D:\Alterra2\Folder Baru\app-release.apk'
[35m[ADB][39m Found 1 'build-tools' folders under 'C:\Users\Aslina\.katalon\tools\android_sdk' (newest first):
[35m[ADB][39m     C:/Users/Aslina/.katalon/tools/android_sdk/build-tools/29.0.3
[35m[ADB][39m Using 'adb.exe' from 'C:\Users\Aslina\.katalon\tools\android_sdk\platform-tools\adb.exe'
[35m[AndroidDriver][39m Retrieving device list
[35m[AndroidDriver][39m Using device: RR8R109CA8F
[35m[ADB][39m Using 'adb.exe' from 'C:\Users\Aslina\.katalon\tools\android_sdk\platform-tools\adb.exe'
[35m[ADB][39m Getting device platform version
[35m[UiAutomator2][39m Relaxing hidden api policy
[35m[ADB][39m Package name: 'com.example.flutter_loyalty_point'
[35m[ADB][39m Main activity name: 'com.example.flutter_loyalty_point.MainActivity'
[35m[ADB][39m Using 'apksigner.jar' from 'C:\Users\Aslina\.katalon\tools\android_sdk\build-tools\29.0.3\lib\apksigner.jar'
[35m[ADB][39m 'C:\Users\Aslina\AppData\Roaming\npm\node_modules\appium\node_modules\appium-uiautomator2-server\apks\appium-uiautomator2-server-v4.27.0.apk' is signed with the default certificate
[35m[ADB][39m 'C:\Users\Aslina\AppData\Roaming\npm\node_modules\appium\node_modules\appium-uiautomator2-server\apks\appium-uiautomator2-server-debug-androidTest.apk' is signed with the default certificate
[35m[UiAutomator2][39m Server packages are not going to be (re)installed
[35m[ADB][39m Adding packages ["io.appium.settings","io.appium.uiautomator2.server","io.appium.uiautomator2.server.test"] to Doze whitelist
[35m[ADB][39m 'D:\Alterra2\Folder Baru\app-release.apk' is signed with a non-default certificate
[35m[ADB][39m The application at 'D:\Alterra2\Folder Baru\app-release.apk' will not be cached, because the device under test has confirmed the support of streamed installs
[35m[ADB][39m The installation of 'app-release.apk' took 8509ms
[35m[UiAutomator2][39m Starting UIAutomator2 server 4.27.0
[35m[UiAutomator2][39m Using UIAutomator2 server from 'C:\Users\Aslina\AppData\Roaming\npm\node_modules\appium\node_modules\appium-uiautomator2-server\apks\appium-uiautomator2-server-v4.27.0.apk' and test from 'C:\Users\Aslina\AppData\Roaming\npm\node_modules\appium\node_modules\appium-uiautomator2-server\apks\appium-uiautomator2-server-debug-androidTest.apk'
[35m[UiAutomator2][39m Waiting up to 30000ms for UiAutomator2 to be online...
[35m[WD Proxy][39m socket hang up
[35m[WD Proxy][39m socket hang up
[35m[WD Proxy][39m socket hang up
[35m[WD Proxy][39m socket hang up
[35m[WD Proxy][39m Determined the downstream protocol as 'W3C'
[35m[AndroidDriver][39m Screen already unlocked, doing nothing
[35m[UiAutomator2][39m Starting 'com.example.flutter_loyalty_point/com.example.flutter_loyalty_point.MainActivity and waiting for 'com.example.flutter_loyalty_point/com.example.flutter_loyalty_point.MainActivity'
[35m[Appium][39m New AndroidUiautomator2Driver session created successfully, session adbbc8ee-a99f-4929-b820-8c40fce7cd8e added to master session list
[35m[HTTP][39m [37m<-- POST /wd/hub/session [39m[32m200[39m [90m73412 ms - 1251[39m
[35m[HTTP][39m [90m[39m
[35m[HTTP][39m [37m-->[39m [37mGET[39m [37m/wd/hub/session/adbbc8ee-a99f-4929-b820-8c40fce7cd8e[39m
[35m[HTTP][39m [90m{}[39m
[35m[HTTP][39m [37m<-- GET /wd/hub/session/adbbc8ee-a99f-4929-b820-8c40fce7cd8e [39m[32m200[39m [90m27 ms - 1205[39m
[35m[HTTP][39m [90m[39m
[35m[HTTP][39m [37m-->[39m [37mGET[39m [37m/wd/hub/session/adbbc8ee-a99f-4929-b820-8c40fce7cd8e[39m
[35m[HTTP][39m [90m{}[39m
[35m[HTTP][39m [37m<-- GET /wd/hub/session/adbbc8ee-a99f-4929-b820-8c40fce7cd8e [39m[32m200[39m [90m19 ms - 1205[39m
[35m[HTTP][39m [90m[39m
[35m[HTTP][39m [37m-->[39m [37mGET[39m [37m/wd/hub/status[39m
[35m[HTTP][39m [90m{}[39m
[35m[HTTP][39m [37m<-- GET /wd/hub/status [39m[32m200[39m [90m1 ms - 68[39m
[35m[HTTP][39m [90m[39m
[35m[HTTP][39m [37m-->[39m [37mPOST[39m [37m/wd/hub/session/adbbc8ee-a99f-4929-b820-8c40fce7cd8e/timeouts[39m
[35m[HTTP][39m [90m{"implicit":60000}[39m
[35m[HTTP][39m [37m<-- POST /wd/hub/session/adbbc8ee-a99f-4929-b820-8c40fce7cd8e/timeouts [39m[32m200[39m [90m4 ms - 14[39m
[35m[HTTP][39m [90m[39m
[35m[HTTP][39m [37m-->[39m [37mGET[39m [37m/wd/hub/session/adbbc8ee-a99f-4929-b820-8c40fce7cd8e/source[39m
[35m[HTTP][39m [90m{}[39m
[35m[W3C (adbbc8ee)][39m Driver proxy active, passing request on via HTTP proxy
[35m[WD Proxy][39m Replacing sessionId 5c2e515a-c26c-42ed-8552-bf3f055ccac2 with adbbc8ee-a99f-4929-b820-8c40fce7cd8e
[35m[HTTP][39m [37m<-- GET /wd/hub/session/adbbc8ee-a99f-4929-b820-8c40fce7cd8e/source [39m[32m200[39m [90m81 ms - 5887[39m
[35m[HTTP][39m [90m[39m
[35m[HTTP][39m [37m-->[39m [37mGET[39m [37m/wd/hub/session/adbbc8ee-a99f-4929-b820-8c40fce7cd8e/screenshot[39m
[35m[HTTP][39m [90m{}[39m
[35m[HTTP][39m [37m<-- GET /wd/hub/session/adbbc8ee-a99f-4929-b820-8c40fce7cd8e/screenshot [39m[32m200[39m [90m2128 ms - 1597112[39m
[35m[HTTP][39m [90m[39m
[35m[HTTP][39m [37m-->[39m [37mPOST[39m [37m/wd/hub/session/adbbc8ee-a99f-4929-b820-8c40fce7cd8e/elements[39m
[35m[HTTP][39m [90m{"using":"accessibility id","value":"Login"}[39m
[35m[HTTP][39m [37m<-- POST /wd/hub/session/adbbc8ee-a99f-4929-b820-8c40fce7cd8e/elements [39m[32m200[39m [90m66 ms - 139[39m
[35m[HTTP][39m [90m[39m
[35m[HTTP][39m [37m-->[39m [37mGET[39m [37m/wd/hub/session/adbbc8ee-a99f-4929-b820-8c40fce7cd8e/window/rect[39m
[35m[HTTP][39m [90m{}[39m
[35m[HTTP][39m [37m<-- GET /wd/hub/session/adbbc8ee-a99f-4929-b820-8c40fce7cd8e/window/rect [39m[32m200[39m [90m29 ms - 49[39m
[35m[HTTP][39m [90m[39m
[35m[HTTP][39m [37m-->[39m [37mPOST[39m [37m/wd/hub/session/adbbc8ee-a99f-4929-b820-8c40fce7cd8e/elements[39m
[35m[HTTP][39m [90m{"using":"accessibility id","value":"Login"}[39m
[35m[HTTP][39m [37m<-- POST /wd/hub/session/adbbc8ee-a99f-4929-b820-8c40fce7cd8e/elements [39m[32m200[39m [90m40 ms - 139[39m
[35m[HTTP][39m [90m[39m
[35m[HTTP][39m [37m-->[39m [37mGET[39m [37m/wd/hub/session/adbbc8ee-a99f-4929-b820-8c40fce7cd8e/element/00000000-0000-0053-0000-000700000003/location[39m
[35m[HTTP][39m [90m{}[39m
[35m[W3C (adbbc8ee)][39m Driver proxy active, passing request on via HTTP proxy
[35m[WD Proxy][39m Replacing sessionId 5c2e515a-c26c-42ed-8552-bf3f055ccac2 with adbbc8ee-a99f-4929-b820-8c40fce7cd8e
[35m[HTTP][39m [37m<-- GET /wd/hub/session/adbbc8ee-a99f-4929-b820-8c40fce7cd8e/element/00000000-0000-0053-0000-000700000003/location [39m[32m200[39m [90m36 ms - 78[39m
[35m[HTTP][39m [90m[39m
[35m[HTTP][39m [37m-->[39m [37mPOST[39m [37m/wd/hub/session/adbbc8ee-a99f-4929-b820-8c40fce7cd8e/touch/perform[39m
[35m[HTTP][39m [90m{"actions":[{"action":"tap","options":{"x":1,"y":1,"element":"00000000-0000-0053-0000-000700000003"}}]}[39m
[35m[UiAutomator2][39m calling get location: 00000000-0000-0053-0000-000700000003
[35m[HTTP][39m [37m<-- POST /wd/hub/session/adbbc8ee-a99f-4929-b820-8c40fce7cd8e/touch/perform [39m[32m200[39m [90m1129 ms - 14[39m
[35m[HTTP][39m [90m[39m
[35m[HTTP][39m [37m-->[39m [37mGET[39m [37m/wd/hub/session/adbbc8ee-a99f-4929-b820-8c40fce7cd8e/source[39m
[35m[HTTP][39m [90m{}[39m
[35m[W3C (adbbc8ee)][39m Driver proxy active, passing request on via HTTP proxy
[35m[WD Proxy][39m Replacing sessionId 5c2e515a-c26c-42ed-8552-bf3f055ccac2 with adbbc8ee-a99f-4929-b820-8c40fce7cd8e
[35m[HTTP][39m [37m<-- GET /wd/hub/session/adbbc8ee-a99f-4929-b820-8c40fce7cd8e/source [39m[32m200[39m [90m99 ms - 8891[39m
[35m[HTTP][39m [90m[39m
[35m[HTTP][39m [37m-->[39m [37mGET[39m [37m/wd/hub/session/adbbc8ee-a99f-4929-b820-8c40fce7cd8e/screenshot[39m
[35m[HTTP][39m [90m{}[39m
[35m[HTTP][39m [37m<-- GET /wd/hub/session/adbbc8ee-a99f-4929-b820-8c40fce7cd8e/screenshot [39m[32m200[39m [90m619 ms - 72680[39m
[35m[HTTP][39m [90m[39m
[35m[HTTP][39m [37m-->[39m [37mPOST[39m [37m/wd/hub/session/adbbc8ee-a99f-4929-b820-8c40fce7cd8e/elements[39m
[35m[HTTP][39m [90m{"using":"-android uiautomator","value":"new UiSelector().className(\"android.widget.EditText\").text(\"Email\").resourceId(\"\").packageName(\"com.example.flutter_loyalty_point\").enabled(true).clickable(true).longClickable(false).checkable(false).checked(false).focusable(true).focused(false).scrollable(false).selected(false).index(3)"}[39m
[35m[HTTP][39m [37m<-- POST /wd/hub/session/adbbc8ee-a99f-4929-b820-8c40fce7cd8e/elements [39m[32m200[39m [90m89 ms - 139[39m
[35m[HTTP][39m [90m[39m
[35m[HTTP][39m [37m-->[39m [37mGET[39m [37m/wd/hub/session/adbbc8ee-a99f-4929-b820-8c40fce7cd8e/window/rect[39m
[35m[HTTP][39m [90m{}[39m
[35m[HTTP][39m [37m<-- GET /wd/hub/session/adbbc8ee-a99f-4929-b820-8c40fce7cd8e/window/rect [39m[32m200[39m [90m27 ms - 49[39m
[35m[HTTP][39m [90m[39m
[35m[HTTP][39m [37m-->[39m [37mPOST[39m [37m/wd/hub/session/adbbc8ee-a99f-4929-b820-8c40fce7cd8e/elements[39m
[35m[HTTP][39m [90m{"using":"-android uiautomator","value":"new UiSelector().className(\"android.widget.EditText\").text(\"Email\").resourceId(\"\").packageName(\"com.example.flutter_loyalty_point\").enabled(true).clickable(true).longClickable(false).checkable(false).checked(false).focusable(true).focused(false).scrollable(false).selected(false).index(3)"}[39m
[35m[HTTP][39m [37m<-- POST /wd/hub/session/adbbc8ee-a99f-4929-b820-8c40fce7cd8e/elements [39m[32m200[39m [90m54 ms - 139[39m
[35m[HTTP][39m [90m[39m
[35m[HTTP][39m [37m-->[39m [37mGET[39m [37m/wd/hub/session/adbbc8ee-a99f-4929-b820-8c40fce7cd8e/element/00000000-0000-0053-0000-001000000003/location[39m
[35m[HTTP][39m [90m{}[39m
[35m[W3C (adbbc8ee)][39m Driver proxy active, passing request on via HTTP proxy
[35m[WD Proxy][39m Replacing sessionId 5c2e515a-c26c-42ed-8552-bf3f055ccac2 with adbbc8ee-a99f-4929-b820-8c40fce7cd8e
[35m[HTTP][39m [37m<-- GET /wd/hub/session/adbbc8ee-a99f-4929-b820-8c40fce7cd8e/element/00000000-0000-0053-0000-001000000003/location [39m[32m200[39m [90m35 ms - 77[39m
[35m[HTTP][39m [90m[39m
[35m[HTTP][39m [37m-->[39m [37mPOST[39m [37m/wd/hub/session/adbbc8ee-a99f-4929-b820-8c40fce7cd8e/touch/perform[39m
[35m[HTTP][39m [90m{"actions":[{"action":"tap","options":{"x":1,"y":1,"element":"00000000-0000-0053-0000-001000000003"}}]}[39m
[35m[UiAutomator2][39m calling get location: 00000000-0000-0053-0000-001000000003
[35m[HTTP][39m [37m<-- POST /wd/hub/session/adbbc8ee-a99f-4929-b820-8c40fce7cd8e/touch/perform [39m[32m200[39m [90m1275 ms - 14[39m
[35m[HTTP][39m [90m[39m
[35m[HTTP][39m [37m-->[39m [37mGET[39m [37m/wd/hub/session/adbbc8ee-a99f-4929-b820-8c40fce7cd8e/source[39m
[35m[HTTP][39m [90m{}[39m
[35m[W3C (adbbc8ee)][39m Driver proxy active, passing request on via HTTP proxy
[35m[WD Proxy][39m Replacing sessionId 5c2e515a-c26c-42ed-8552-bf3f055ccac2 with adbbc8ee-a99f-4929-b820-8c40fce7cd8e
[35m[HTTP][39m [37m<-- GET /wd/hub/session/adbbc8ee-a99f-4929-b820-8c40fce7cd8e/source [39m[32m200[39m [90m94 ms - 8460[39m
[35m[HTTP][39m [90m[39m
[35m[HTTP][39m [37m-->[39m [37mGET[39m [37m/wd/hub/session/adbbc8ee-a99f-4929-b820-8c40fce7cd8e/screenshot[39m
[35m[HTTP][39m [90m{}[39m
[35m[HTTP][39m [37m<-- GET /wd/hub/session/adbbc8ee-a99f-4929-b820-8c40fce7cd8e/screenshot [39m[32m200[39m [90m659 ms - 136972[39m
[35m[HTTP][39m [90m[39m
[35m[HTTP][39m [37m-->[39m [37mPOST[39m [37m/wd/hub/session/adbbc8ee-a99f-4929-b820-8c40fce7cd8e/elements[39m
[35m[HTTP][39m [90m{"using":"-android uiautomator","value":"new UiSelector().className(\"android.widget.EditText\").text(\"Email\").resourceId(\"\").packageName(\"com.example.flutter_loyalty_point\").enabled(true).clickable(true).longClickable(false).checkable(false).checked(false).focusable(true).focused(true).scrollable(false).selected(false).index(3)"}[39m
[35m[HTTP][39m [37m<-- POST /wd/hub/session/adbbc8ee-a99f-4929-b820-8c40fce7cd8e/elements [39m[32m200[39m [90m63 ms - 139[39m
[35m[HTTP][39m [90m[39m
[35m[HTTP][39m [37m-->[39m [37mGET[39m [37m/wd/hub/session/adbbc8ee-a99f-4929-b820-8c40fce7cd8e/window/rect[39m
[35m[HTTP][39m [90m{}[39m
[35m[HTTP][39m [37m<-- GET /wd/hub/session/adbbc8ee-a99f-4929-b820-8c40fce7cd8e/window/rect [39m[32m200[39m [90m18 ms - 49[39m
[35m[HTTP][39m [90m[39m
[35m[HTTP][39m [37m-->[39m [37mPOST[39m [37m/wd/hub/session/adbbc8ee-a99f-4929-b820-8c40fce7cd8e/elements[39m
[35m[HTTP][39m [90m{"using":"-android uiautomator","value":"new UiSelector().className(\"android.widget.EditText\").text(\"Email\").resourceId(\"\").packageName(\"com.example.flutter_loyalty_point\").enabled(true).clickable(true).longClickable(false).checkable(false).checked(false).focusable(true).focused(true).scrollable(false).selected(false).index(3)"}[39m
[35m[HTTP][39m [37m<-- POST /wd/hub/session/adbbc8ee-a99f-4929-b820-8c40fce7cd8e/elements [39m[32m200[39m [90m56 ms - 139[39m
[35m[HTTP][39m [90m[39m
[35m[HTTP][39m [37m-->[39m [37mGET[39m [37m/wd/hub/session/adbbc8ee-a99f-4929-b820-8c40fce7cd8e/element/00000000-0000-0053-0000-001000000003/location[39m
[35m[HTTP][39m [90m{}[39m
[35m[W3C (adbbc8ee)][39m Driver proxy active, passing request on via HTTP proxy
[35m[WD Proxy][39m Replacing sessionId 5c2e515a-c26c-42ed-8552-bf3f055ccac2 with adbbc8ee-a99f-4929-b820-8c40fce7cd8e
[35m[HTTP][39m [37m<-- GET /wd/hub/session/adbbc8ee-a99f-4929-b820-8c40fce7cd8e/element/00000000-0000-0053-0000-001000000003/location [39m[32m200[39m [90m33 ms - 77[39m
[35m[HTTP][39m [90m[39m
[35m[HTTP][39m [37m-->[39m [37mPOST[39m [37m/wd/hub/session/adbbc8ee-a99f-4929-b820-8c40fce7cd8e/element/00000000-0000-0053-0000-001000000003/clear[39m
[35m[HTTP][39m [90m{"id":"00000000-0000-0053-0000-001000000003"}[39m
[35m[HTTP][39m [37m<-- POST /wd/hub/session/adbbc8ee-a99f-4929-b820-8c40fce7cd8e/element/00000000-0000-0053-0000-001000000003/clear [39m[32m200[39m [90m35 ms - 14[39m
[35m[HTTP][39m [90m[39m
[35m[HTTP][39m [37m-->[39m [37mPOST[39m [37m/wd/hub/session/adbbc8ee-a99f-4929-b820-8c40fce7cd8e/element/00000000-0000-0053-0000-001000000003/value[39m
[35m[HTTP][39m [90m{"id":"00000000-0000-0053-0000-001000000003","text":"userjokomart@gmail.com","value":["u","s","e","r","j","o","k","o","m","a","r","t","@","g","m","a","i","l",".","c","o","m"]}[39m
[35m[HTTP][39m [37m<-- POST /wd/hub/session/adbbc8ee-a99f-4929-b820-8c40fce7cd8e/element/00000000-0000-0053-0000-001000000003/value [39m[32m200[39m [90m72 ms - 14[39m
[35m[HTTP][39m [90m[39m
[35m[HTTP][39m [37m-->[39m [37mGET[39m [37m/wd/hub/session/adbbc8ee-a99f-4929-b820-8c40fce7cd8e/source[39m
[35m[HTTP][39m [90m{}[39m
[35m[W3C (adbbc8ee)][39m Driver proxy active, passing request on via HTTP proxy
[35m[WD Proxy][39m Replacing sessionId 5c2e515a-c26c-42ed-8552-bf3f055ccac2 with adbbc8ee-a99f-4929-b820-8c40fce7cd8e
[35m[HTTP][39m [37m<-- GET /wd/hub/session/adbbc8ee-a99f-4929-b820-8c40fce7cd8e/source [39m[32m200[39m [90m74 ms - 8484[39m
[35m[HTTP][39m [90m[39m
[35m[HTTP][39m [37m-->[39m [37mGET[39m [37m/wd/hub/session/adbbc8ee-a99f-4929-b820-8c40fce7cd8e/screenshot[39m
[35m[HTTP][39m [90m{}[39m
[35m[HTTP][39m [37m<-- GET /wd/hub/session/adbbc8ee-a99f-4929-b820-8c40fce7cd8e/screenshot [39m[32m200[39m [90m669 ms - 146858[39m
[35m[HTTP][39m [90m[39m
[35m[HTTP][39m [37m-->[39m [37mPOST[39m [37m/wd/hub/session/adbbc8ee-a99f-4929-b820-8c40fce7cd8e/elements[39m
[35m[HTTP][39m [90m{"using":"-android uiautomator","value":"new UiSelector().className(\"android.widget.EditText\").text(\"Password\").resourceId(\"\").packageName(\"com.example.flutter_loyalty_point\").enabled(true).clickable(true).longClickable(false).checkable(false).checked(false).focusable(true).focused(false).scrollable(false).selected(false).index(4)"}[39m
[35m[HTTP][39m [37m<-- POST /wd/hub/session/adbbc8ee-a99f-4929-b820-8c40fce7cd8e/elements [39m[32m200[39m [90m52 ms - 139[39m
[35m[HTTP][39m [90m[39m
[35m[HTTP][39m [37m-->[39m [37mGET[39m [37m/wd/hub/session/adbbc8ee-a99f-4929-b820-8c40fce7cd8e/window/rect[39m
[35m[HTTP][39m [90m{}[39m
[35m[HTTP][39m [37m<-- GET /wd/hub/session/adbbc8ee-a99f-4929-b820-8c40fce7cd8e/window/rect [39m[32m200[39m [90m14 ms - 49[39m
[35m[HTTP][39m [90m[39m
[35m[HTTP][39m [37m-->[39m [37mPOST[39m [37m/wd/hub/session/adbbc8ee-a99f-4929-b820-8c40fce7cd8e/elements[39m
[35m[HTTP][39m [90m{"using":"-android uiautomator","value":"new UiSelector().className(\"android.widget.EditText\").text(\"Password\").resourceId(\"\").packageName(\"com.example.flutter_loyalty_point\").enabled(true).clickable(true).longClickable(false).checkable(false).checked(false).focusable(true).focused(false).scrollable(false).selected(false).index(4)"}[39m
[35m[HTTP][39m [37m<-- POST /wd/hub/session/adbbc8ee-a99f-4929-b820-8c40fce7cd8e/elements [39m[32m200[39m [90m46 ms - 139[39m
[35m[HTTP][39m [90m[39m
[35m[HTTP][39m [37m-->[39m [37mGET[39m [37m/wd/hub/session/adbbc8ee-a99f-4929-b820-8c40fce7cd8e/element/00000000-0000-0053-0000-001100000003/location[39m
[35m[HTTP][39m [90m{}[39m
[35m[W3C (adbbc8ee)][39m Driver proxy active, passing request on via HTTP proxy
[35m[WD Proxy][39m Replacing sessionId 5c2e515a-c26c-42ed-8552-bf3f055ccac2 with adbbc8ee-a99f-4929-b820-8c40fce7cd8e
[35m[HTTP][39m [37m<-- GET /wd/hub/session/adbbc8ee-a99f-4929-b820-8c40fce7cd8e/element/00000000-0000-0053-0000-001100000003/location [39m[32m200[39m [90m32 ms - 77[39m
[35m[HTTP][39m [90m[39m
[35m[HTTP][39m [37m-->[39m [37mPOST[39m [37m/wd/hub/session/adbbc8ee-a99f-4929-b820-8c40fce7cd8e/touch/perform[39m
[35m[HTTP][39m [90m{"actions":[{"action":"tap","options":{"x":1,"y":1,"element":"00000000-0000-0053-0000-001100000003"}}]}[39m
[35m[UiAutomator2][39m calling get location: 00000000-0000-0053-0000-001100000003
[35m[HTTP][39m [37m<-- POST /wd/hub/session/adbbc8ee-a99f-4929-b820-8c40fce7cd8e/touch/perform [39m[32m200[39m [90m853 ms - 14[39m
[35m[HTTP][39m [90m[39m
[35m[HTTP][39m [37m-->[39m [37mGET[39m [37m/wd/hub/session/adbbc8ee-a99f-4929-b820-8c40fce7cd8e/source[39m
[35m[HTTP][39m [90m{}[39m
[35m[W3C (adbbc8ee)][39m Driver proxy active, passing request on via HTTP proxy
[35m[WD Proxy][39m Replacing sessionId 5c2e515a-c26c-42ed-8552-bf3f055ccac2 with adbbc8ee-a99f-4929-b820-8c40fce7cd8e
[35m[HTTP][39m [37m<-- GET /wd/hub/session/adbbc8ee-a99f-4929-b820-8c40fce7cd8e/source [39m[32m200[39m [90m140 ms - 8484[39m
[35m[HTTP][39m [90m[39m
[35m[HTTP][39m [37m-->[39m [37mGET[39m [37m/wd/hub/session/adbbc8ee-a99f-4929-b820-8c40fce7cd8e/screenshot[39m
[35m[HTTP][39m [90m{}[39m
[35m[HTTP][39m [37m<-- GET /wd/hub/session/adbbc8ee-a99f-4929-b820-8c40fce7cd8e/screenshot [39m[32m200[39m [90m652 ms - 145404[39m
[35m[HTTP][39m [90m[39m
[35m[HTTP][39m [37m-->[39m [37mPOST[39m [37m/wd/hub/session/adbbc8ee-a99f-4929-b820-8c40fce7cd8e/elements[39m
[35m[HTTP][39m [90m{"using":"-android uiautomator","value":"new UiSelector().className(\"android.widget.EditText\").text(\"Password\").resourceId(\"\").packageName(\"com.example.flutter_loyalty_point\").enabled(true).clickable(true).longClickable(false).checkable(false).checked(false).focusable(true).focused(true).scrollable(false).selected(false).index(4)"}[39m
[35m[HTTP][39m [37m<-- POST /wd/hub/session/adbbc8ee-a99f-4929-b820-8c40fce7cd8e/elements [39m[32m200[39m [90m52 ms - 139[39m
[35m[HTTP][39m [90m[39m
[35m[HTTP][39m [37m-->[39m [37mGET[39m [37m/wd/hub/session/adbbc8ee-a99f-4929-b820-8c40fce7cd8e/window/rect[39m
[35m[HTTP][39m [90m{}[39m
[35m[HTTP][39m [37m<-- GET /wd/hub/session/adbbc8ee-a99f-4929-b820-8c40fce7cd8e/window/rect [39m[32m200[39m [90m20 ms - 49[39m
[35m[HTTP][39m [90m[39m
[35m[HTTP][39m [37m-->[39m [37mPOST[39m [37m/wd/hub/session/adbbc8ee-a99f-4929-b820-8c40fce7cd8e/elements[39m
[35m[HTTP][39m [90m{"using":"-android uiautomator","value":"new UiSelector().className(\"android.widget.EditText\").text(\"Password\").resourceId(\"\").packageName(\"com.example.flutter_loyalty_point\").enabled(true).clickable(true).longClickable(false).checkable(false).checked(false).focusable(true).focused(true).scrollable(false).selected(false).index(4)"}[39m
[35m[HTTP][39m [37m<-- POST /wd/hub/session/adbbc8ee-a99f-4929-b820-8c40fce7cd8e/elements [39m[32m200[39m [90m55 ms - 139[39m
[35m[HTTP][39m [90m[39m
[35m[HTTP][39m [37m-->[39m [37mGET[39m [37m/wd/hub/session/adbbc8ee-a99f-4929-b820-8c40fce7cd8e/element/00000000-0000-0053-0000-001100000003/location[39m
[35m[HTTP][39m [90m{}[39m
[35m[W3C (adbbc8ee)][39m Driver proxy active, passing request on via HTTP proxy
[35m[WD Proxy][39m Replacing sessionId 5c2e515a-c26c-42ed-8552-bf3f055ccac2 with adbbc8ee-a99f-4929-b820-8c40fce7cd8e
[35m[HTTP][39m [37m<-- GET /wd/hub/session/adbbc8ee-a99f-4929-b820-8c40fce7cd8e/element/00000000-0000-0053-0000-001100000003/location [39m[32m200[39m [90m32 ms - 77[39m
[35m[HTTP][39m [90m[39m
[35m[HTTP][39m [37m-->[39m [37mPOST[39m [37m/wd/hub/session/adbbc8ee-a99f-4929-b820-8c40fce7cd8e/element/00000000-0000-0053-0000-001100000003/clear[39m
[35m[HTTP][39m [90m{"id":"00000000-0000-0053-0000-001100000003"}[39m
[35m[HTTP][39m [37m<-- POST /wd/hub/session/adbbc8ee-a99f-4929-b820-8c40fce7cd8e/element/00000000-0000-0053-0000-001100000003/clear [39m[32m200[39m [90m35 ms - 14[39m
[35m[HTTP][39m [90m[39m
[35m[HTTP][39m [37m-->[39m [37mPOST[39m [37m/wd/hub/session/adbbc8ee-a99f-4929-b820-8c40fce7cd8e/element/00000000-0000-0053-0000-001100000003/value[39m
[35m[HTTP][39m [90m{"id":"00000000-0000-0053-0000-001100000003","text":"jokomart123","value":["j","o","k","o","m","a","r","t","1","2","3"]}[39m
[35m[HTTP][39m [37m<-- POST /wd/hub/session/adbbc8ee-a99f-4929-b820-8c40fce7cd8e/element/00000000-0000-0053-0000-001100000003/value [39m[32m200[39m [90m72 ms - 14[39m
[35m[HTTP][39m [90m[39m
[35m[HTTP][39m [37m-->[39m [37mGET[39m [37m/wd/hub/session/adbbc8ee-a99f-4929-b820-8c40fce7cd8e/source[39m
[35m[HTTP][39m [90m{}[39m
[35m[W3C (adbbc8ee)][39m Driver proxy active, passing request on via HTTP proxy
[35m[WD Proxy][39m Replacing sessionId 5c2e515a-c26c-42ed-8552-bf3f055ccac2 with adbbc8ee-a99f-4929-b820-8c40fce7cd8e
[35m[HTTP][39m [37m<-- GET /wd/hub/session/adbbc8ee-a99f-4929-b820-8c40fce7cd8e/source [39m[32m200[39m [90m78 ms - 8519[39m
[35m[HTTP][39m [90m[39m
[35m[HTTP][39m [37m-->[39m [37mGET[39m [37m/wd/hub/session/adbbc8ee-a99f-4929-b820-8c40fce7cd8e/screenshot[39m
[35m[HTTP][39m [90m{}[39m
[35m[HTTP][39m [37m<-- GET /wd/hub/session/adbbc8ee-a99f-4929-b820-8c40fce7cd8e/screenshot [39m[32m200[39m [90m681 ms - 146242[39m
[35m[HTTP][39m [90m[39m
[35m[HTTP][39m [37m-->[39m [37mPOST[39m [37m/wd/hub/session/adbbc8ee-a99f-4929-b820-8c40fce7cd8e/elements[39m
[35m[HTTP][39m [90m{"using":"accessibility id","value":"Login"}[39m
[35m[HTTP][39m [37m<-- POST /wd/hub/session/adbbc8ee-a99f-4929-b820-8c40fce7cd8e/elements [39m[32m200[39m [90m38 ms - 267[39m
[35m[HTTP][39m [90m[39m
[35m[HTTP][39m [37m-->[39m [37mPOST[39m [37m/wd/hub/session/adbbc8ee-a99f-4929-b820-8c40fce7cd8e/elements[39m
[35m[HTTP][39m [90m{"using":"-android uiautomator","value":"new UiSelector().className(\"android.widget.Button\").description(\"Login\").resourceId(\"\").packageName(\"com.example.flutter_loyalty_point\").enabled(true).clickable(true).longClickable(false).checkable(false).checked(false).focusable(true).focused(false).scrollable(false).selected(false).index(6)"}[39m
[35m[HTTP][39m [37m<-- POST /wd/hub/session/adbbc8ee-a99f-4929-b820-8c40fce7cd8e/elements [39m[32m200[39m [90m73 ms - 139[39m
[35m[HTTP][39m [90m[39m
[35m[HTTP][39m [37m-->[39m [37mGET[39m [37m/wd/hub/session/adbbc8ee-a99f-4929-b820-8c40fce7cd8e/window/rect[39m
[35m[HTTP][39m [90m{}[39m
[35m[HTTP][39m [37m<-- GET /wd/hub/session/adbbc8ee-a99f-4929-b820-8c40fce7cd8e/window/rect [39m[32m200[39m [90m14 ms - 49[39m
[35m[HTTP][39m [90m[39m
[35m[HTTP][39m [37m-->[39m [37mPOST[39m [37m/wd/hub/session/adbbc8ee-a99f-4929-b820-8c40fce7cd8e/elements[39m
[35m[HTTP][39m [90m{"using":"-android uiautomator","value":"new UiSelector().className(\"android.widget.Button\").description(\"Login\").resourceId(\"\").packageName(\"com.example.flutter_loyalty_point\").enabled(true).clickable(true).longClickable(false).checkable(false).checked(false).focusable(true).focused(false).scrollable(false).selected(false).index(6)"}[39m
[35m[HTTP][39m [37m<-- POST /wd/hub/session/adbbc8ee-a99f-4929-b820-8c40fce7cd8e/elements [39m[32m200[39m [90m44 ms - 139[39m
[35m[HTTP][39m [90m[39m
[35m[HTTP][39m [37m-->[39m [37mGET[39m [37m/wd/hub/session/adbbc8ee-a99f-4929-b820-8c40fce7cd8e/element/00000000-0000-0053-0000-001400000003/location[39m
[35m[HTTP][39m [90m{}[39m
[35m[W3C (adbbc8ee)][39m Driver proxy active, passing request on via HTTP proxy
[35m[WD Proxy][39m Replacing sessionId 5c2e515a-c26c-42ed-8552-bf3f055ccac2 with adbbc8ee-a99f-4929-b820-8c40fce7cd8e
[35m[HTTP][39m [37m<-- GET /wd/hub/session/adbbc8ee-a99f-4929-b820-8c40fce7cd8e/element/00000000-0000-0053-0000-001400000003/location [39m[32m200[39m [90m30 ms - 77[39m
[35m[HTTP][39m [90m[39m
[35m[HTTP][39m [37m-->[39m [37mPOST[39m [37m/wd/hub/session/adbbc8ee-a99f-4929-b820-8c40fce7cd8e/touch/perform[39m
[35m[HTTP][39m [90m{"actions":[{"action":"tap","options":{"x":1,"y":1,"element":"00000000-0000-0053-0000-001400000003"}}]}[39m
[35m[UiAutomator2][39m calling get location: 00000000-0000-0053-0000-001400000003
[35m[HTTP][39m [37m<-- POST /wd/hub/session/adbbc8ee-a99f-4929-b820-8c40fce7cd8e/touch/perform [39m[32m200[39m [90m721 ms - 14[39m
[35m[HTTP][39m [90m[39m
[35m[HTTP][39m [37m-->[39m [37mGET[39m [37m/wd/hub/session/adbbc8ee-a99f-4929-b820-8c40fce7cd8e/source[39m
[35m[HTTP][39m [90m{}[39m
[35m[W3C (adbbc8ee)][39m Driver proxy active, passing request on via HTTP proxy
[35m[WD Proxy][39m Replacing sessionId 5c2e515a-c26c-42ed-8552-bf3f055ccac2 with adbbc8ee-a99f-4929-b820-8c40fce7cd8e
[35m[HTTP][39m [37m<-- GET /wd/hub/session/adbbc8ee-a99f-4929-b820-8c40fce7cd8e/source [39m[32m200[39m [90m94 ms - 8521[39m
[35m[HTTP][39m [90m[39m
[35m[HTTP][39m [37m-->[39m [37mGET[39m [37m/wd/hub/session/adbbc8ee-a99f-4929-b820-8c40fce7cd8e/screenshot[39m
[35m[HTTP][39m [90m{}[39m
[35m[HTTP][39m [37m<-- GET /wd/hub/session/adbbc8ee-a99f-4929-b820-8c40fce7cd8e/screenshot [39m[32m200[39m [90m748 ms - 144720[39m
[35m[HTTP][39m [90m[39m
[35m[HTTP][39m [37m-->[39m [37mGET[39m [37m/wd/hub/session/adbbc8ee-a99f-4929-b820-8c40fce7cd8e/source[39m
[35m[HTTP][39m [90m{}[39m
[35m[W3C (adbbc8ee)][39m Driver proxy active, passing request on via HTTP proxy
[35m[WD Proxy][39m Replacing sessionId 5c2e515a-c26c-42ed-8552-bf3f055ccac2 with adbbc8ee-a99f-4929-b820-8c40fce7cd8e
[35m[HTTP][39m [37m<-- GET /wd/hub/session/adbbc8ee-a99f-4929-b820-8c40fce7cd8e/source [39m[32m200[39m [90m119 ms - 18315[39m
[35m[HTTP][39m [90m[39m
[35m[HTTP][39m [37m-->[39m [37mGET[39m [37m/wd/hub/session/adbbc8ee-a99f-4929-b820-8c40fce7cd8e/screenshot[39m
[35m[HTTP][39m [90m{}[39m
[35m[HTTP][39m [37m<-- GET /wd/hub/session/adbbc8ee-a99f-4929-b820-8c40fce7cd8e/screenshot [39m[32m200[39m [90m763 ms - 339206[39m
[35m[HTTP][39m [90m[39m
[35m[HTTP][39m [37m-->[39m [37mPOST[39m [37m/wd/hub/session/adbbc8ee-a99f-4929-b820-8c40fce7cd8e/elements[39m
[35m[HTTP][39m [90m{"using":"accessibility id","value":"Product"}[39m
[35m[HTTP][39m [37m<-- POST /wd/hub/session/adbbc8ee-a99f-4929-b820-8c40fce7cd8e/elements [39m[32m200[39m [90m44 ms - 139[39m
[35m[HTTP][39m [90m[39m
[35m[HTTP][39m [37m-->[39m [37mGET[39m [37m/wd/hub/session/adbbc8ee-a99f-4929-b820-8c40fce7cd8e/window/rect[39m
[35m[HTTP][39m [90m{}[39m
[35m[HTTP][39m [37m<-- GET /wd/hub/session/adbbc8ee-a99f-4929-b820-8c40fce7cd8e/window/rect [39m[32m200[39m [90m18 ms - 49[39m
[35m[HTTP][39m [90m[39m
[35m[HTTP][39m [37m-->[39m [37mPOST[39m [37m/wd/hub/session/adbbc8ee-a99f-4929-b820-8c40fce7cd8e/elements[39m
[35m[HTTP][39m [90m{"using":"accessibility id","value":"Product"}[39m
[35m[HTTP][39m [37m<-- POST /wd/hub/session/adbbc8ee-a99f-4929-b820-8c40fce7cd8e/elements [39m[32m200[39m [90m51 ms - 139[39m
[35m[HTTP][39m [90m[39m
[35m[HTTP][39m [37m-->[39m [37mGET[39m [37m/wd/hub/session/adbbc8ee-a99f-4929-b820-8c40fce7cd8e/element/00000000-0000-0053-0000-002700000003/location[39m
[35m[HTTP][39m [90m{}[39m
[35m[W3C (adbbc8ee)][39m Driver proxy active, passing request on via HTTP proxy
[35m[WD Proxy][39m Replacing sessionId 5c2e515a-c26c-42ed-8552-bf3f055ccac2 with adbbc8ee-a99f-4929-b820-8c40fce7cd8e
[35m[HTTP][39m [37m<-- GET /wd/hub/session/adbbc8ee-a99f-4929-b820-8c40fce7cd8e/element/00000000-0000-0053-0000-002700000003/location [39m[32m200[39m [90m26 ms - 77[39m
[35m[HTTP][39m [90m[39m
[35m[HTTP][39m [37m-->[39m [37mPOST[39m [37m/wd/hub/session/adbbc8ee-a99f-4929-b820-8c40fce7cd8e/touch/perform[39m
[35m[HTTP][39m [90m{"actions":[{"action":"tap","options":{"x":1,"y":1,"element":"00000000-0000-0053-0000-002700000003"}}]}[39m
[35m[UiAutomator2][39m calling get location: 00000000-0000-0053-0000-002700000003
[35m[HTTP][39m [37m<-- POST /wd/hub/session/adbbc8ee-a99f-4929-b820-8c40fce7cd8e/touch/perform [39m[32m200[39m [90m1072 ms - 14[39m
[35m[HTTP][39m [90m[39m
[35m[HTTP][39m [37m-->[39m [37mGET[39m [37m/wd/hub/session/adbbc8ee-a99f-4929-b820-8c40fce7cd8e/source[39m
[35m[HTTP][39m [90m{}[39m
[35m[W3C (adbbc8ee)][39m Driver proxy active, passing request on via HTTP proxy
[35m[WD Proxy][39m Replacing sessionId 5c2e515a-c26c-42ed-8552-bf3f055ccac2 with adbbc8ee-a99f-4929-b820-8c40fce7cd8e
[35m[HTTP][39m [37m<-- GET /wd/hub/session/adbbc8ee-a99f-4929-b820-8c40fce7cd8e/source [39m[32m200[39m [90m68 ms - 5830[39m
[35m[HTTP][39m [90m[39m
[35m[HTTP][39m [37m-->[39m [37mGET[39m [37m/wd/hub/session/adbbc8ee-a99f-4929-b820-8c40fce7cd8e/screenshot[39m
[35m[HTTP][39m [90m{}[39m
[35m[HTTP][39m [37m<-- GET /wd/hub/session/adbbc8ee-a99f-4929-b820-8c40fce7cd8e/screenshot [39m[32m200[39m [90m768 ms - 274490[39m
[35m[HTTP][39m [90m[39m
[35m[HTTP][39m [37m-->[39m [37mPOST[39m [37m/wd/hub/session/adbbc8ee-a99f-4929-b820-8c40fce7cd8e/elements[39m
[35m[HTTP][39m [90m{"using":"accessibility id","value":"Credits"}[39m
[35m[HTTP][39m [37m<-- POST /wd/hub/session/adbbc8ee-a99f-4929-b820-8c40fce7cd8e/elements [39m[32m200[39m [90m36 ms - 139[39m
[35m[HTTP][39m [90m[39m
[35m[HTTP][39m [37m-->[39m [37mGET[39m [37m/wd/hub/session/adbbc8ee-a99f-4929-b820-8c40fce7cd8e/window/rect[39m
[35m[HTTP][39m [90m{}[39m
[35m[HTTP][39m [37m<-- GET /wd/hub/session/adbbc8ee-a99f-4929-b820-8c40fce7cd8e/window/rect [39m[32m200[39m [90m13 ms - 49[39m
[35m[HTTP][39m [90m[39m
[35m[HTTP][39m [37m-->[39m [37mPOST[39m [37m/wd/hub/session/adbbc8ee-a99f-4929-b820-8c40fce7cd8e/elements[39m
[35m[HTTP][39m [90m{"using":"accessibility id","value":"Credits"}[39m
[35m[HTTP][39m [37m<-- POST /wd/hub/session/adbbc8ee-a99f-4929-b820-8c40fce7cd8e/elements [39m[32m200[39m [90m28 ms - 139[39m
[35m[HTTP][39m [90m[39m
[35m[HTTP][39m [37m-->[39m [37mGET[39m [37m/wd/hub/session/adbbc8ee-a99f-4929-b820-8c40fce7cd8e/element/00000000-0000-0053-0000-003e00000003/location[39m
[35m[HTTP][39m [90m{}[39m
[35m[W3C (adbbc8ee)][39m Driver proxy active, passing request on via HTTP proxy
[35m[WD Proxy][39m Replacing sessionId 5c2e515a-c26c-42ed-8552-bf3f055ccac2 with adbbc8ee-a99f-4929-b820-8c40fce7cd8e
[35m[HTTP][39m [37m<-- GET /wd/hub/session/adbbc8ee-a99f-4929-b820-8c40fce7cd8e/element/00000000-0000-0053-0000-003e00000003/location [39m[32m200[39m [90m19 ms - 78[39m
[35m[HTTP][39m [90m[39m
[35m[HTTP][39m [37m-->[39m [37mPOST[39m [37m/wd/hub/session/adbbc8ee-a99f-4929-b820-8c40fce7cd8e/touch/perform[39m
[35m[HTTP][39m [90m{"actions":[{"action":"longPress","options":{"element":"00000000-0000-0053-0000-003e00000003"}},{"action":"release","options":{}}]}[39m
[35m[UiAutomator2][39m calling get location: 00000000-0000-0053-0000-003e00000003
[35m[HTTP][39m [37m<-- POST /wd/hub/session/adbbc8ee-a99f-4929-b820-8c40fce7cd8e/touch/perform [39m[32m200[39m [90m2590 ms - 14[39m
[35m[HTTP][39m [90m[39m
[35m[HTTP][39m [37m-->[39m [37mGET[39m [37m/wd/hub/session/adbbc8ee-a99f-4929-b820-8c40fce7cd8e/source[39m
[35m[HTTP][39m [90m{}[39m
[35m[W3C (adbbc8ee)][39m Driver proxy active, passing request on via HTTP proxy
[35m[WD Proxy][39m Replacing sessionId 5c2e515a-c26c-42ed-8552-bf3f055ccac2 with adbbc8ee-a99f-4929-b820-8c40fce7cd8e
[35m[HTTP][39m [37m<-- GET /wd/hub/session/adbbc8ee-a99f-4929-b820-8c40fce7cd8e/source [39m[32m200[39m [90m437 ms - 11391[39m
[35m[HTTP][39m [90m[39m
[35m[HTTP][39m [37m-->[39m [37mGET[39m [37m/wd/hub/session/adbbc8ee-a99f-4929-b820-8c40fce7cd8e/screenshot[39m
[35m[HTTP][39m [90m{}[39m
[35m[HTTP][39m [37m<-- GET /wd/hub/session/adbbc8ee-a99f-4929-b820-8c40fce7cd8e/screenshot [39m[32m200[39m [90m612 ms - 220310[39m
[35m[HTTP][39m [90m[39m
[35m[HTTP][39m [37m-->[39m [37mPOST[39m [37m/wd/hub/session/adbbc8ee-a99f-4929-b820-8c40fce7cd8e/elements[39m
[35m[HTTP][39m [90m{"using":"-android uiautomator","value":"new UiSelector().className(\"android.widget.EditText\").text(\"+62\n823 2222 3333\").resourceId(\"\").packageName(\"com.example.flutter_loyalty_point\").enabled(true).clickable(true).longClickable(false).checkable(false).checked(false).focusable(true).focused(false).scrollable(false).selected(false).index(0)"}[39m
[35m[HTTP][39m [37m<-- POST /wd/hub/session/adbbc8ee-a99f-4929-b820-8c40fce7cd8e/elements [39m[32m200[39m [90m55 ms - 139[39m
[35m[HTTP][39m [90m[39m
[35m[HTTP][39m [37m-->[39m [37mGET[39m [37m/wd/hub/session/adbbc8ee-a99f-4929-b820-8c40fce7cd8e/window/rect[39m
[35m[HTTP][39m [90m{}[39m
[35m[HTTP][39m [37m<-- GET /wd/hub/session/adbbc8ee-a99f-4929-b820-8c40fce7cd8e/window/rect [39m[32m200[39m [90m12 ms - 49[39m
[35m[HTTP][39m [90m[39m
[35m[HTTP][39m [37m-->[39m [37mPOST[39m [37m/wd/hub/session/adbbc8ee-a99f-4929-b820-8c40fce7cd8e/elements[39m
[35m[HTTP][39m [90m{"using":"-android uiautomator","value":"new UiSelector().className(\"android.widget.EditText\").text(\"+62\n823 2222 3333\").resourceId(\"\").packageName(\"com.example.flutter_loyalty_point\").enabled(true).clickable(true).longClickable(false).checkable(false).checked(false).focusable(true).focused(false).scrollable(false).selected(false).index(0)"}[39m
[35m[HTTP][39m [37m<-- POST /wd/hub/session/adbbc8ee-a99f-4929-b820-8c40fce7cd8e/elements [39m[32m200[39m [90m51 ms - 139[39m
[35m[HTTP][39m [90m[39m
[35m[HTTP][39m [37m-->[39m [37mGET[39m [37m/wd/hub/session/adbbc8ee-a99f-4929-b820-8c40fce7cd8e/element/00000000-0000-0053-0000-004600000003/location[39m
[35m[HTTP][39m [90m{}[39m
[35m[W3C (adbbc8ee)][39m Driver proxy active, passing request on via HTTP proxy
[35m[WD Proxy][39m Replacing sessionId 5c2e515a-c26c-42ed-8552-bf3f055ccac2 with adbbc8ee-a99f-4929-b820-8c40fce7cd8e
[35m[HTTP][39m [37m<-- GET /wd/hub/session/adbbc8ee-a99f-4929-b820-8c40fce7cd8e/element/00000000-0000-0053-0000-004600000003/location [39m[32m200[39m [90m29 ms - 77[39m
[35m[HTTP][39m [90m[39m
[35m[HTTP][39m [37m-->[39m [37mPOST[39m [37m/wd/hub/session/adbbc8ee-a99f-4929-b820-8c40fce7cd8e/touch/perform[39m
[35m[HTTP][39m [90m{"actions":[{"action":"tap","options":{"x":1,"y":1,"element":"00000000-0000-0053-0000-004600000003"}}]}[39m
[35m[UiAutomator2][39m calling get location: 00000000-0000-0053-0000-004600000003
[35m[HTTP][39m [37m<-- POST /wd/hub/session/adbbc8ee-a99f-4929-b820-8c40fce7cd8e/touch/perform [39m[32m200[39m [90m1310 ms - 14[39m
[35m[HTTP][39m [90m[39m
[35m[HTTP][39m [37m-->[39m [37mGET[39m [37m/wd/hub/session/adbbc8ee-a99f-4929-b820-8c40fce7cd8e/source[39m
[35m[HTTP][39m [90m{}[39m
[35m[W3C (adbbc8ee)][39m Driver proxy active, passing request on via HTTP proxy
[35m[WD Proxy][39m Replacing sessionId 5c2e515a-c26c-42ed-8552-bf3f055ccac2 with adbbc8ee-a99f-4929-b820-8c40fce7cd8e
[35m[HTTP][39m [37m<-- GET /wd/hub/session/adbbc8ee-a99f-4929-b820-8c40fce7cd8e/source [39m[32m200[39m [90m73 ms - 9990[39m
[35m[HTTP][39m [90m[39m
[35m[HTTP][39m [37m-->[39m [37mGET[39m [37m/wd/hub/session/adbbc8ee-a99f-4929-b820-8c40fce7cd8e/screenshot[39m
[35m[HTTP][39m [90m{}[39m
[35m[HTTP][39m [37m<-- GET /wd/hub/session/adbbc8ee-a99f-4929-b820-8c40fce7cd8e/screenshot [39m[32m200[39m [90m705 ms - 187004[39m
[35m[HTTP][39m [90m[39m
[35m[HTTP][39m [37m-->[39m [37mPOST[39m [37m/wd/hub/session/adbbc8ee-a99f-4929-b820-8c40fce7cd8e/elements[39m
[35m[HTTP][39m [90m{"using":"-android uiautomator","value":"new UiSelector().className(\"android.widget.EditText\").text(\"+62\n823 2222 3333\").resourceId(\"\").packageName(\"com.example.flutter_loyalty_point\").enabled(true).clickable(true).longClickable(false).checkable(false).checked(false).focusable(true).focused(true).scrollable(false).selected(false).index(0)"}[39m
[35m[HTTP][39m [37m<-- POST /wd/hub/session/adbbc8ee-a99f-4929-b820-8c40fce7cd8e/elements [39m[32m200[39m [90m51 ms - 139[39m
[35m[HTTP][39m [90m[39m
[35m[HTTP][39m [37m-->[39m [37mGET[39m [37m/wd/hub/session/adbbc8ee-a99f-4929-b820-8c40fce7cd8e/window/rect[39m
[35m[HTTP][39m [90m{}[39m
[35m[HTTP][39m [37m<-- GET /wd/hub/session/adbbc8ee-a99f-4929-b820-8c40fce7cd8e/window/rect [39m[32m200[39m [90m22 ms - 49[39m
[35m[HTTP][39m [90m[39m
[35m[HTTP][39m [37m-->[39m [37mPOST[39m [37m/wd/hub/session/adbbc8ee-a99f-4929-b820-8c40fce7cd8e/elements[39m
[35m[HTTP][39m [90m{"using":"-android uiautomator","value":"new UiSelector().className(\"android.widget.EditText\").text(\"+62\n823 2222 3333\").resourceId(\"\").packageName(\"com.example.flutter_loyalty_point\").enabled(true).clickable(true).longClickable(false).checkable(false).checked(false).focusable(true).focused(true).scrollable(false).selected(false).index(0)"}[39m
[35m[HTTP][39m [37m<-- POST /wd/hub/session/adbbc8ee-a99f-4929-b820-8c40fce7cd8e/elements [39m[32m200[39m [90m51 ms - 139[39m
[35m[HTTP][39m [90m[39m
[35m[HTTP][39m [37m-->[39m [37mGET[39m [37m/wd/hub/session/adbbc8ee-a99f-4929-b820-8c40fce7cd8e/element/00000000-0000-0053-0000-004600000003/location[39m
[35m[HTTP][39m [90m{}[39m
[35m[W3C (adbbc8ee)][39m Driver proxy active, passing request on via HTTP proxy
[35m[WD Proxy][39m Replacing sessionId 5c2e515a-c26c-42ed-8552-bf3f055ccac2 with adbbc8ee-a99f-4929-b820-8c40fce7cd8e
[35m[HTTP][39m [37m<-- GET /wd/hub/session/adbbc8ee-a99f-4929-b820-8c40fce7cd8e/element/00000000-0000-0053-0000-004600000003/location [39m[32m200[39m [90m29 ms - 77[39m
[35m[HTTP][39m [90m[39m
[35m[HTTP][39m [37m-->[39m [37mPOST[39m [37m/wd/hub/session/adbbc8ee-a99f-4929-b820-8c40fce7cd8e/element/00000000-0000-0053-0000-004600000003/clear[39m
[35m[HTTP][39m [90m{"id":"00000000-0000-0053-0000-004600000003"}[39m
[35m[HTTP][39m [37m<-- POST /wd/hub/session/adbbc8ee-a99f-4929-b820-8c40fce7cd8e/element/00000000-0000-0053-0000-004600000003/clear [39m[32m200[39m [90m33 ms - 14[39m
[35m[HTTP][39m [90m[39m
[35m[HTTP][39m [37m-->[39m [37mPOST[39m [37m/wd/hub/session/adbbc8ee-a99f-4929-b820-8c40fce7cd8e/element/00000000-0000-0053-0000-004600000003/value[39m
[35m[HTTP][39m [90m{"id":"00000000-0000-0053-0000-004600000003","text":"81260973422","value":["8","1","2","6","0","9","7","3","4","2","2"]}[39m
[35m[HTTP][39m [37m<-- POST /wd/hub/session/adbbc8ee-a99f-4929-b820-8c40fce7cd8e/element/00000000-0000-0053-0000-004600000003/value [39m[32m200[39m [90m41 ms - 14[39m
[35m[HTTP][39m [90m[39m
[35m[HTTP][39m [37m-->[39m [37mGET[39m [37m/wd/hub/session/adbbc8ee-a99f-4929-b820-8c40fce7cd8e/source[39m
[35m[HTTP][39m [90m{}[39m
[35m[W3C (adbbc8ee)][39m Driver proxy active, passing request on via HTTP proxy
[35m[WD Proxy][39m Replacing sessionId 5c2e515a-c26c-42ed-8552-bf3f055ccac2 with adbbc8ee-a99f-4929-b820-8c40fce7cd8e
[35m[HTTP][39m [37m<-- GET /wd/hub/session/adbbc8ee-a99f-4929-b820-8c40fce7cd8e/source [39m[32m200[39m [90m76 ms - 10003[39m
[35m[HTTP][39m [90m[39m
[35m[HTTP][39m [37m-->[39m [37mGET[39m [37m/wd/hub/session/adbbc8ee-a99f-4929-b820-8c40fce7cd8e/screenshot[39m
[35m[HTTP][39m [90m{}[39m
[35m[HTTP][39m [37m<-- GET /wd/hub/session/adbbc8ee-a99f-4929-b820-8c40fce7cd8e/screenshot [39m[32m200[39m [90m701 ms - 187874[39m
[35m[HTTP][39m [90m[39m
[35m[HTTP][39m [37m-->[39m [37mPOST[39m [37m/wd/hub/session/adbbc8ee-a99f-4929-b820-8c40fce7cd8e/elements[39m
[35m[HTTP][39m [90m{"using":"accessibility id","value":"Credits\n10\nautomation test 3\nRp10.000"}[39m
[35m[HTTP][39m [37m<-- POST /wd/hub/session/adbbc8ee-a99f-4929-b820-8c40fce7cd8e/elements [39m[32m200[39m [90m40 ms - 139[39m
[35m[HTTP][39m [90m[39m
[35m[HTTP][39m [37m-->[39m [37mGET[39m [37m/wd/hub/session/adbbc8ee-a99f-4929-b820-8c40fce7cd8e/window/rect[39m
[35m[HTTP][39m [90m{}[39m
[35m[HTTP][39m [37m<-- GET /wd/hub/session/adbbc8ee-a99f-4929-b820-8c40fce7cd8e/window/rect [39m[32m200[39m [90m11 ms - 49[39m
[35m[HTTP][39m [90m[39m
[35m[HTTP][39m [37m-->[39m [37mPOST[39m [37m/wd/hub/session/adbbc8ee-a99f-4929-b820-8c40fce7cd8e/elements[39m
[35m[HTTP][39m [90m{"using":"accessibility id","value":"Credits\n10\nautomation test 3\nRp10.000"}[39m
[35m[HTTP][39m [37m<-- POST /wd/hub/session/adbbc8ee-a99f-4929-b820-8c40fce7cd8e/elements [39m[32m200[39m [90m32 ms - 139[39m
[35m[HTTP][39m [90m[39m
[35m[HTTP][39m [37m-->[39m [37mGET[39m [37m/wd/hub/session/adbbc8ee-a99f-4929-b820-8c40fce7cd8e/element/00000000-0000-0053-0000-004400000003/location[39m
[35m[HTTP][39m [90m{}[39m
[35m[W3C (adbbc8ee)][39m Driver proxy active, passing request on via HTTP proxy
[35m[WD Proxy][39m Replacing sessionId 5c2e515a-c26c-42ed-8552-bf3f055ccac2 with adbbc8ee-a99f-4929-b820-8c40fce7cd8e
[35m[HTTP][39m [37m<-- GET /wd/hub/session/adbbc8ee-a99f-4929-b820-8c40fce7cd8e/element/00000000-0000-0053-0000-004400000003/location [39m[32m200[39m [90m24 ms - 76[39m
[35m[HTTP][39m [90m[39m
[35m[HTTP][39m [37m-->[39m [37mPOST[39m [37m/wd/hub/session/adbbc8ee-a99f-4929-b820-8c40fce7cd8e/touch/perform[39m
[35m[HTTP][39m [90m{"actions":[{"action":"longPress","options":{"element":"00000000-0000-0053-0000-004400000003"}},{"action":"release","options":{}}]}[39m
[35m[UiAutomator2][39m calling get location: 00000000-0000-0053-0000-004400000003
[35m[HTTP][39m [37m<-- POST /wd/hub/session/adbbc8ee-a99f-4929-b820-8c40fce7cd8e/touch/perform [39m[32m200[39m [90m2632 ms - 14[39m
[35m[HTTP][39m [90m[39m
[35m[HTTP][39m [37m-->[39m [37mGET[39m [37m/wd/hub/session/adbbc8ee-a99f-4929-b820-8c40fce7cd8e/source[39m
[35m[HTTP][39m [90m{}[39m
[35m[W3C (adbbc8ee)][39m Driver proxy active, passing request on via HTTP proxy
[35m[WD Proxy][39m Replacing sessionId 5c2e515a-c26c-42ed-8552-bf3f055ccac2 with adbbc8ee-a99f-4929-b820-8c40fce7cd8e
[35m[HTTP][39m [37m<-- GET /wd/hub/session/adbbc8ee-a99f-4929-b820-8c40fce7cd8e/source [39m[32m200[39m [90m83 ms - 10518[39m
[35m[HTTP][39m [90m[39m
[35m[HTTP][39m [37m-->[39m [37mGET[39m [37m/wd/hub/session/adbbc8ee-a99f-4929-b820-8c40fce7cd8e/screenshot[39m
[35m[HTTP][39m [90m{}[39m
[35m[HTTP][39m [37m<-- GET /wd/hub/session/adbbc8ee-a99f-4929-b820-8c40fce7cd8e/screenshot [39m[32m200[39m [90m717 ms - 229016[39m
[35m[HTTP][39m [90m[39m
[35m[HTTP][39m [37m-->[39m [37mPOST[39m [37m/wd/hub/session/adbbc8ee-a99f-4929-b820-8c40fce7cd8e/elements[39m
[35m[HTTP][39m [90m{"using":"accessibility id","value":"Next"}[39m
[35m[HTTP][39m [37m<-- POST /wd/hub/session/adbbc8ee-a99f-4929-b820-8c40fce7cd8e/elements [39m[32m200[39m [90m37 ms - 139[39m
[35m[HTTP][39m [90m[39m
[35m[HTTP][39m [37m-->[39m [37mGET[39m [37m/wd/hub/session/adbbc8ee-a99f-4929-b820-8c40fce7cd8e/window/rect[39m
[35m[HTTP][39m [90m{}[39m
[35m[HTTP][39m [37m<-- GET /wd/hub/session/adbbc8ee-a99f-4929-b820-8c40fce7cd8e/window/rect [39m[32m200[39m [90m14 ms - 49[39m
[35m[HTTP][39m [90m[39m
[35m[HTTP][39m [37m-->[39m [37mPOST[39m [37m/wd/hub/session/adbbc8ee-a99f-4929-b820-8c40fce7cd8e/elements[39m
[35m[HTTP][39m [90m{"using":"accessibility id","value":"Next"}[39m
[35m[HTTP][39m [37m<-- POST /wd/hub/session/adbbc8ee-a99f-4929-b820-8c40fce7cd8e/elements [39m[32m200[39m [90m39 ms - 139[39m
[35m[HTTP][39m [90m[39m
[35m[HTTP][39m [37m-->[39m [37mGET[39m [37m/wd/hub/session/adbbc8ee-a99f-4929-b820-8c40fce7cd8e/element/00000000-0000-0053-0000-004c00000003/location[39m
[35m[HTTP][39m [90m{}[39m
[35m[W3C (adbbc8ee)][39m Driver proxy active, passing request on via HTTP proxy
[35m[WD Proxy][39m Replacing sessionId 5c2e515a-c26c-42ed-8552-bf3f055ccac2 with adbbc8ee-a99f-4929-b820-8c40fce7cd8e
[35m[HTTP][39m [37m<-- GET /wd/hub/session/adbbc8ee-a99f-4929-b820-8c40fce7cd8e/element/00000000-0000-0053-0000-004c00000003/location [39m[32m200[39m [90m21 ms - 78[39m
[35m[HTTP][39m [90m[39m
[35m[HTTP][39m [37m-->[39m [37mPOST[39m [37m/wd/hub/session/adbbc8ee-a99f-4929-b820-8c40fce7cd8e/touch/perform[39m
[35m[HTTP][39m [90m{"actions":[{"action":"longPress","options":{"element":"00000000-0000-0053-0000-004c00000003"}},{"action":"release","options":{}}]}[39m
[35m[UiAutomator2][39m calling get location: 00000000-0000-0053-0000-004c00000003
[35m[HTTP][39m [37m<-- POST /wd/hub/session/adbbc8ee-a99f-4929-b820-8c40fce7cd8e/touch/perform [39m[32m200[39m [90m2611 ms - 14[39m
[35m[HTTP][39m [90m[39m
[35m[HTTP][39m [37m-->[39m [37mGET[39m [37m/wd/hub/session/adbbc8ee-a99f-4929-b820-8c40fce7cd8e/source[39m
[35m[HTTP][39m [90m{}[39m
[35m[W3C (adbbc8ee)][39m Driver proxy active, passing request on via HTTP proxy
[35m[WD Proxy][39m Replacing sessionId 5c2e515a-c26c-42ed-8552-bf3f055ccac2 with adbbc8ee-a99f-4929-b820-8c40fce7cd8e
[35m[HTTP][39m [37m<-- GET /wd/hub/session/adbbc8ee-a99f-4929-b820-8c40fce7cd8e/source [39m[32m200[39m [90m859 ms - 8516[39m
[35m[HTTP][39m [90m[39m
[35m[HTTP][39m [37m-->[39m [37mGET[39m [37m/wd/hub/session/adbbc8ee-a99f-4929-b820-8c40fce7cd8e/screenshot[39m
[35m[HTTP][39m [90m{}[39m
[35m[HTTP][39m [37m<-- GET /wd/hub/session/adbbc8ee-a99f-4929-b820-8c40fce7cd8e/screenshot [39m[32m200[39m [90m652 ms - 115728[39m
[35m[HTTP][39m [90m[39m
[35m[HTTP][39m [37m-->[39m [37mPOST[39m [37m/wd/hub/session/adbbc8ee-a99f-4929-b820-8c40fce7cd8e/elements[39m
[35m[HTTP][39m [90m{"using":"accessibility id","value":"Buy"}[39m
[35m[HTTP][39m [37m<-- POST /wd/hub/session/adbbc8ee-a99f-4929-b820-8c40fce7cd8e/elements [39m[32m200[39m [90m38 ms - 139[39m
[35m[HTTP][39m [90m[39m
[35m[HTTP][39m [37m-->[39m [37mGET[39m [37m/wd/hub/session/adbbc8ee-a99f-4929-b820-8c40fce7cd8e/window/rect[39m
[35m[HTTP][39m [90m{}[39m
[35m[HTTP][39m [37m<-- GET /wd/hub/session/adbbc8ee-a99f-4929-b820-8c40fce7cd8e/window/rect [39m[32m200[39m [90m16 ms - 49[39m
[35m[HTTP][39m [90m[39m
[35m[HTTP][39m [37m-->[39m [37mPOST[39m [37m/wd/hub/session/adbbc8ee-a99f-4929-b820-8c40fce7cd8e/elements[39m
[35m[HTTP][39m [90m{"using":"accessibility id","value":"Buy"}[39m
[35m[HTTP][39m [37m<-- POST /wd/hub/session/adbbc8ee-a99f-4929-b820-8c40fce7cd8e/elements [39m[32m200[39m [90m32 ms - 139[39m
[35m[HTTP][39m [90m[39m
[35m[HTTP][39m [37m-->[39m [37mGET[39m [37m/wd/hub/session/adbbc8ee-a99f-4929-b820-8c40fce7cd8e/element/00000000-0000-0053-0000-006200000003/location[39m
[35m[HTTP][39m [90m{}[39m
[35m[W3C (adbbc8ee)][39m Driver proxy active, passing request on via HTTP proxy
[35m[WD Proxy][39m Replacing sessionId 5c2e515a-c26c-42ed-8552-bf3f055ccac2 with adbbc8ee-a99f-4929-b820-8c40fce7cd8e
[35m[HTTP][39m [37m<-- GET /wd/hub/session/adbbc8ee-a99f-4929-b820-8c40fce7cd8e/element/00000000-0000-0053-0000-006200000003/location [39m[32m200[39m [90m29 ms - 79[39m
[35m[HTTP][39m [90m[39m
[35m[HTTP][39m [37m-->[39m [37mPOST[39m [37m/wd/hub/session/adbbc8ee-a99f-4929-b820-8c40fce7cd8e/touch/perform[39m
[35m[HTTP][39m [90m{"actions":[{"action":"longPress","options":{"element":"00000000-0000-0053-0000-006200000003"}},{"action":"release","options":{}}]}[39m
[35m[UiAutomator2][39m calling get location: 00000000-0000-0053-0000-006200000003
[35m[HTTP][39m [37m<-- POST /wd/hub/session/adbbc8ee-a99f-4929-b820-8c40fce7cd8e/touch/perform [39m[32m200[39m [90m2612 ms - 14[39m
[35m[HTTP][39m [90m[39m
[35m[HTTP][39m [37m-->[39m [37mGET[39m [37m/wd/hub/session/adbbc8ee-a99f-4929-b820-8c40fce7cd8e/source[39m
[35m[HTTP][39m [90m{}[39m
[35m[W3C (adbbc8ee)][39m Driver proxy active, passing request on via HTTP proxy
[35m[WD Proxy][39m Replacing sessionId 5c2e515a-c26c-42ed-8552-bf3f055ccac2 with adbbc8ee-a99f-4929-b820-8c40fce7cd8e
[35m[HTTP][39m [37m<-- GET /wd/hub/session/adbbc8ee-a99f-4929-b820-8c40fce7cd8e/source [39m[32m200[39m [90m72 ms - 8518[39m
[35m[HTTP][39m [90m[39m
[35m[HTTP][39m [37m-->[39m [37mGET[39m [37m/wd/hub/session/adbbc8ee-a99f-4929-b820-8c40fce7cd8e/screenshot[39m
[35m[HTTP][39m [90m{}[39m
[35m[HTTP][39m [37m<-- GET /wd/hub/session/adbbc8ee-a99f-4929-b820-8c40fce7cd8e/screenshot [39m[32m200[39m [90m633 ms - 114144[39m
[35m[HTTP][39m [90m[39m
[35m[HTTP][39m [37m-->[39m [37mGET[39m [37m/wd/hub/session/adbbc8ee-a99f-4929-b820-8c40fce7cd8e/source[39m
[35m[HTTP][39m [90m{}[39m
[35m[W3C (adbbc8ee)][39m Driver proxy active, passing request on via HTTP proxy
[35m[WD Proxy][39m Replacing sessionId 5c2e515a-c26c-42ed-8552-bf3f055ccac2 with adbbc8ee-a99f-4929-b820-8c40fce7cd8e
[35m[HTTP][39m [37m<-- GET /wd/hub/session/adbbc8ee-a99f-4929-b820-8c40fce7cd8e/source [39m[32m200[39m [90m1039 ms - 41752[39m
[35m[HTTP][39m [90m[39m
[35m[HTTP][39m [37m-->[39m [37mGET[39m [37m/wd/hub/session/adbbc8ee-a99f-4929-b820-8c40fce7cd8e/screenshot[39m
[35m[HTTP][39m [90m{}[39m
[35m[HTTP][39m [37m<-- GET /wd/hub/session/adbbc8ee-a99f-4929-b820-8c40fce7cd8e/screenshot [39m[32m200[39m [90m674 ms - 173776[39m
[35m[HTTP][39m [90m[39m
[35m[HTTP][39m [37m-->[39m [37mGET[39m [37m/wd/hub/session/adbbc8ee-a99f-4929-b820-8c40fce7cd8e/source[39m
[35m[HTTP][39m [90m{}[39m
[35m[W3C (adbbc8ee)][39m Driver proxy active, passing request on via HTTP proxy
[35m[WD Proxy][39m Replacing sessionId 5c2e515a-c26c-42ed-8552-bf3f055ccac2 with adbbc8ee-a99f-4929-b820-8c40fce7cd8e
[35m[HTTP][39m [37m<-- GET /wd/hub/session/adbbc8ee-a99f-4929-b820-8c40fce7cd8e/source [39m[32m200[39m [90m169 ms - 24908[39m
[35m[HTTP][39m [90m[39m
[35m[HTTP][39m [37m-->[39m [37mGET[39m [37m/wd/hub/session/adbbc8ee-a99f-4929-b820-8c40fce7cd8e/screenshot[39m
[35m[HTTP][39m [90m{}[39m
[35m[HTTP][39m [37m<-- GET /wd/hub/session/adbbc8ee-a99f-4929-b820-8c40fce7cd8e/screenshot [39m[32m200[39m [90m840 ms - 142892[39m
[35m[HTTP][39m [90m[39m
[35m[HTTP][39m [37m-->[39m [37mPOST[39m [37m/wd/hub/session/adbbc8ee-a99f-4929-b820-8c40fce7cd8e/elements[39m
[35m[HTTP][39m [90m{"using":"-android uiautomator","value":"new UiSelector().className(\"android.widget.Button\").text(\"Pay now\").packageName(\"com.example.flutter_loyalty_point\").enabled(true).clickable(true).longClickable(false).checkable(false).checked(false).focusable(true).focused(false).scrollable(false).selected(false).index(5)"}[39m
[35m[HTTP][39m [37m<-- POST /wd/hub/session/adbbc8ee-a99f-4929-b820-8c40fce7cd8e/elements [39m[32m200[39m [90m240 ms - 139[39m
[35m[HTTP][39m [90m[39m
[35m[HTTP][39m [37m-->[39m [37mGET[39m [37m/wd/hub/session/adbbc8ee-a99f-4929-b820-8c40fce7cd8e/window/rect[39m
[35m[HTTP][39m [90m{}[39m
[35m[HTTP][39m [37m<-- GET /wd/hub/session/adbbc8ee-a99f-4929-b820-8c40fce7cd8e/window/rect [39m[32m200[39m [90m18 ms - 49[39m
[35m[HTTP][39m [90m[39m
[35m[HTTP][39m [37m-->[39m [37mPOST[39m [37m/wd/hub/session/adbbc8ee-a99f-4929-b820-8c40fce7cd8e/elements[39m
[35m[HTTP][39m [90m{"using":"-android uiautomator","value":"new UiSelector().className(\"android.widget.Button\").text(\"Pay now\").packageName(\"com.example.flutter_loyalty_point\").enabled(true).clickable(true).longClickable(false).checkable(false).checked(false).focusable(true).focused(false).scrollable(false).selected(false).index(5)"}[39m
[35m[HTTP][39m [37m<-- POST /wd/hub/session/adbbc8ee-a99f-4929-b820-8c40fce7cd8e/elements [39m[32m200[39m [90m101 ms - 139[39m
[35m[HTTP][39m [90m[39m
[35m[HTTP][39m [37m-->[39m [37mGET[39m [37m/wd/hub/session/adbbc8ee-a99f-4929-b820-8c40fce7cd8e/element/00000000-0000-0053-0000-00e100000009/location[39m
[35m[HTTP][39m [90m{}[39m
[35m[W3C (adbbc8ee)][39m Driver proxy active, passing request on via HTTP proxy
[35m[WD Proxy][39m Replacing sessionId 5c2e515a-c26c-42ed-8552-bf3f055ccac2 with adbbc8ee-a99f-4929-b820-8c40fce7cd8e
[35m[HTTP][39m [37m<-- GET /wd/hub/session/adbbc8ee-a99f-4929-b820-8c40fce7cd8e/element/00000000-0000-0053-0000-00e100000009/location [39m[32m200[39m [90m31 ms - 77[39m
[35m[HTTP][39m [90m[39m
[35m[HTTP][39m [37m-->[39m [37mPOST[39m [37m/wd/hub/session/adbbc8ee-a99f-4929-b820-8c40fce7cd8e/touch/perform[39m
[35m[HTTP][39m [90m{"actions":[{"action":"longPress","options":{"element":"00000000-0000-0053-0000-00e100000009"}},{"action":"release","options":{}}]}[39m
[35m[UiAutomator2][39m calling get location: 00000000-0000-0053-0000-00e100000009
[35m[HTTP][39m [37m<-- POST /wd/hub/session/adbbc8ee-a99f-4929-b820-8c40fce7cd8e/touch/perform [39m[32m200[39m [90m3289 ms - 14[39m
[35m[HTTP][39m [90m[39m
[35m[HTTP][39m [37m-->[39m [37mGET[39m [37m/wd/hub/session/adbbc8ee-a99f-4929-b820-8c40fce7cd8e/source[39m
[35m[HTTP][39m [90m{}[39m
[35m[W3C (adbbc8ee)][39m Driver proxy active, passing request on via HTTP proxy
[35m[WD Proxy][39m Replacing sessionId 5c2e515a-c26c-42ed-8552-bf3f055ccac2 with adbbc8ee-a99f-4929-b820-8c40fce7cd8e
[35m[HTTP][39m [37m<-- GET /wd/hub/session/adbbc8ee-a99f-4929-b820-8c40fce7cd8e/source [39m[32m200[39m [90m716 ms - 16078[39m
[35m[HTTP][39m [90m[39m
[35m[HTTP][39m [37m-->[39m [37mGET[39m [37m/wd/hub/session/adbbc8ee-a99f-4929-b820-8c40fce7cd8e/screenshot[39m
[35m[HTTP][39m [90m{}[39m
[35m[HTTP][39m [37m<-- GET /wd/hub/session/adbbc8ee-a99f-4929-b820-8c40fce7cd8e/screenshot [39m[32m200[39m [90m649 ms - 126988[39m
[35m[HTTP][39m [90m[39m
[35m[HTTP][39m [37m-->[39m [37mPOST[39m [37m/wd/hub/session/adbbc8ee-a99f-4929-b820-8c40fce7cd8e/elements[39m
[35m[HTTP][39m [90m{"using":"-android uiautomator","value":"new UiSelector().className(\"android.widget.Button\").text(\"Submit\").packageName(\"com.example.flutter_loyalty_point\").enabled(true).clickable(true).longClickable(false).checkable(false).checked(false).focusable(true).focused(false).scrollable(false).selected(false).index(0)"}[39m
[35m[HTTP][39m [37m<-- POST /wd/hub/session/adbbc8ee-a99f-4929-b820-8c40fce7cd8e/elements [39m[32m200[39m [90m86 ms - 139[39m
[35m[HTTP][39m [90m[39m
[35m[HTTP][39m [37m-->[39m [37mGET[39m [37m/wd/hub/session/adbbc8ee-a99f-4929-b820-8c40fce7cd8e/window/rect[39m
[35m[HTTP][39m [90m{}[39m
[35m[HTTP][39m [37m<-- GET /wd/hub/session/adbbc8ee-a99f-4929-b820-8c40fce7cd8e/window/rect [39m[32m200[39m [90m13 ms - 49[39m
[35m[HTTP][39m [90m[39m
[35m[HTTP][39m [37m-->[39m [37mPOST[39m [37m/wd/hub/session/adbbc8ee-a99f-4929-b820-8c40fce7cd8e/elements[39m
[35m[HTTP][39m [90m{"using":"-android uiautomator","value":"new UiSelector().className(\"android.widget.Button\").text(\"Submit\").packageName(\"com.example.flutter_loyalty_point\").enabled(true).clickable(true).longClickable(false).checkable(false).checked(false).focusable(true).focused(false).scrollable(false).selected(false).index(0)"}[39m
[35m[HTTP][39m [37m<-- POST /wd/hub/session/adbbc8ee-a99f-4929-b820-8c40fce7cd8e/elements [39m[32m200[39m [90m78 ms - 139[39m
[35m[HTTP][39m [90m[39m
[35m[HTTP][39m [37m-->[39m [37mGET[39m [37m/wd/hub/session/adbbc8ee-a99f-4929-b820-8c40fce7cd8e/element/00000000-0000-0053-0000-016400000009/location[39m
[35m[HTTP][39m [90m{}[39m
[35m[W3C (adbbc8ee)][39m Driver proxy active, passing request on via HTTP proxy
[35m[WD Proxy][39m Replacing sessionId 5c2e515a-c26c-42ed-8552-bf3f055ccac2 with adbbc8ee-a99f-4929-b820-8c40fce7cd8e
[35m[HTTP][39m [37m<-- GET /wd/hub/session/adbbc8ee-a99f-4929-b820-8c40fce7cd8e/element/00000000-0000-0053-0000-016400000009/location [39m[32m200[39m [90m35 ms - 78[39m
[35m[HTTP][39m [90m[39m
[35m[HTTP][39m [37m-->[39m [37mPOST[39m [37m/wd/hub/session/adbbc8ee-a99f-4929-b820-8c40fce7cd8e/touch/perform[39m
[35m[HTTP][39m [90m{"actions":[{"action":"tap","options":{"x":1,"y":1,"element":"00000000-0000-0053-0000-016400000009"}}]}[39m
[35m[UiAutomator2][39m calling get location: 00000000-0000-0053-0000-016400000009
[35m[HTTP][39m [37m<-- POST /wd/hub/session/adbbc8ee-a99f-4929-b820-8c40fce7cd8e/touch/perform [39m[32m200[39m [90m200 ms - 14[39m
[35m[HTTP][39m [90m[39m
[35m[HTTP][39m [37m-->[39m [37mGET[39m [37m/wd/hub/session/adbbc8ee-a99f-4929-b820-8c40fce7cd8e/source[39m
[35m[HTTP][39m [90m{}[39m
[35m[W3C (adbbc8ee)][39m Driver proxy active, passing request on via HTTP proxy
[35m[WD Proxy][39m Replacing sessionId 5c2e515a-c26c-42ed-8552-bf3f055ccac2 with adbbc8ee-a99f-4929-b820-8c40fce7cd8e
[35m[HTTP][39m [37m<-- GET /wd/hub/session/adbbc8ee-a99f-4929-b820-8c40fce7cd8e/source [39m[32m200[39m [90m597 ms - 16078[39m
[35m[HTTP][39m [90m[39m
[35m[HTTP][39m [37m-->[39m [37mGET[39m [37m/wd/hub/session/adbbc8ee-a99f-4929-b820-8c40fce7cd8e/screenshot[39m
[35m[HTTP][39m [90m{}[39m
[35m[HTTP][39m [37m<-- GET /wd/hub/session/adbbc8ee-a99f-4929-b820-8c40fce7cd8e/screenshot [39m[32m200[39m [90m648 ms - 127256[39m
[35m[HTTP][39m [90m[39m
[35m[HTTP][39m [37m-->[39m [37mPOST[39m [37m/wd/hub/session/adbbc8ee-a99f-4929-b820-8c40fce7cd8e/elements[39m
[35m[HTTP][39m [90m{"using":"-android uiautomator","value":"new UiSelector().className(\"android.widget.Button\").text(\"Submit\").packageName(\"com.example.flutter_loyalty_point\").enabled(true).clickable(true).longClickable(false).checkable(false).checked(false).focusable(true).focused(false).scrollable(false).selected(false).index(0)"}[39m
[35m[HTTP][39m [37m<-- POST /wd/hub/session/adbbc8ee-a99f-4929-b820-8c40fce7cd8e/elements [39m[32m200[39m [90m94 ms - 139[39m
[35m[HTTP][39m [90m[39m
[35m[HTTP][39m [37m-->[39m [37mGET[39m [37m/wd/hub/session/adbbc8ee-a99f-4929-b820-8c40fce7cd8e/window/rect[39m
[35m[HTTP][39m [90m{}[39m
[35m[HTTP][39m [37m<-- GET /wd/hub/session/adbbc8ee-a99f-4929-b820-8c40fce7cd8e/window/rect [39m[32m200[39m [90m11 ms - 49[39m
[35m[HTTP][39m [90m[39m
[35m[HTTP][39m [37m-->[39m [37mPOST[39m [37m/wd/hub/session/adbbc8ee-a99f-4929-b820-8c40fce7cd8e/elements[39m
[35m[HTTP][39m [90m{"using":"-android uiautomator","value":"new UiSelector().className(\"android.widget.Button\").text(\"Submit\").packageName(\"com.example.flutter_loyalty_point\").enabled(true).clickable(true).longClickable(false).checkable(false).checked(false).focusable(true).focused(false).scrollable(false).selected(false).index(0)"}[39m
[35m[HTTP][39m [37m<-- POST /wd/hub/session/adbbc8ee-a99f-4929-b820-8c40fce7cd8e/elements [39m[32m200[39m [90m89 ms - 139[39m
[35m[HTTP][39m [90m[39m
[35m[HTTP][39m [37m-->[39m [37mGET[39m [37m/wd/hub/session/adbbc8ee-a99f-4929-b820-8c40fce7cd8e/element/00000000-0000-0053-0000-016400000009/location[39m
[35m[HTTP][39m [90m{}[39m
[35m[W3C (adbbc8ee)][39m Driver proxy active, passing request on via HTTP proxy
[35m[WD Proxy][39m Replacing sessionId 5c2e515a-c26c-42ed-8552-bf3f055ccac2 with adbbc8ee-a99f-4929-b820-8c40fce7cd8e
[35m[HTTP][39m [37m<-- GET /wd/hub/session/adbbc8ee-a99f-4929-b820-8c40fce7cd8e/element/00000000-0000-0053-0000-016400000009/location [39m[32m200[39m [90m31 ms - 78[39m
[35m[HTTP][39m [90m[39m
[35m[HTTP][39m [37m-->[39m [37mPOST[39m [37m/wd/hub/session/adbbc8ee-a99f-4929-b820-8c40fce7cd8e/touch/perform[39m
[35m[HTTP][39m [90m{"actions":[{"action":"longPress","options":{"element":"00000000-0000-0053-0000-016400000009"}},{"action":"release","options":{}}]}[39m
[35m[UiAutomator2][39m calling get location: 00000000-0000-0053-0000-016400000009
[35m[HTTP][39m [37m<-- POST /wd/hub/session/adbbc8ee-a99f-4929-b820-8c40fce7cd8e/touch/perform [39m[32m200[39m [90m3115 ms - 14[39m
[35m[HTTP][39m [90m[39m
[35m[HTTP][39m [37m-->[39m [37mGET[39m [37m/wd/hub/session/adbbc8ee-a99f-4929-b820-8c40fce7cd8e/source[39m
[35m[HTTP][39m [90m{}[39m
[35m[W3C (adbbc8ee)][39m Driver proxy active, passing request on via HTTP proxy
[35m[WD Proxy][39m Replacing sessionId 5c2e515a-c26c-42ed-8552-bf3f055ccac2 with adbbc8ee-a99f-4929-b820-8c40fce7cd8e
[35m[HTTP][39m [37m<-- GET /wd/hub/session/adbbc8ee-a99f-4929-b820-8c40fce7cd8e/source [39m[32m200[39m [90m198 ms - 16506[39m
[35m[HTTP][39m [90m[39m
[35m[HTTP][39m [37m-->[39m [37mGET[39m [37m/wd/hub/session/adbbc8ee-a99f-4929-b820-8c40fce7cd8e/screenshot[39m
[35m[HTTP][39m [90m{}[39m
[35m[HTTP][39m [37m<-- GET /wd/hub/session/adbbc8ee-a99f-4929-b820-8c40fce7cd8e/screenshot [39m[32m200[39m [90m626 ms - 134362[39m
[35m[HTTP][39m [90m[39m
[35m[HTTP][39m [37m-->[39m [37mDELETE[39m [37m/wd/hub/session/adbbc8ee-a99f-4929-b820-8c40fce7cd8e[39m
[35m[HTTP][39m [90m{}[39m
[35m[Appium][39m Removing session adbbc8ee-a99f-4929-b820-8c40fce7cd8e from our master session list
[35m[UiAutomator2][39m Restoring hidden api policy to the device default configuration
[35m[HTTP][39m [37m<-- DELETE /wd/hub/session/adbbc8ee-a99f-4929-b820-8c40fce7cd8e [39m[32m200[39m [90m1153 ms - 14[39m
[35m[HTTP][39m [90m[39m
